# JRE version: Java(TM) SE Runtime Environment (23.0.1+11) (build 23.0.1+11-39)
# Java VM: Java HotSpot(TM) 64-Bit Server VM (23.0.1+11-39, mixed mode, sharing, tiered, compressed oops, compressed class ptrs, g1 gc, windows-amd64)
GC Precious Log:
 CardTable entry size: 512
 Card Set container configuration: InlinePtr #cards 4 size 8 Array Of Cards #cards 16 size 48 Howl #buckets 8 coarsen threshold 3686 Howl Bitmap #cards 512 size 80 coarsen threshold 460 Card regions per heap region 1 cards per card region 4096
 CPUs: 12 total, 12 available
 Memory: 16024M
 Large Page Support: Disabled
 NUMA Support: Disabled
 Compressed Oops: Enabled (Zero based)
 Heap Region Size: 2M
 Heap Min Capacity: 8M
 Heap Initial Capacity: 252M
 Heap Max Capacity: 4008M
 Pre-touch: Disabled
 Parallel Workers: 10
 Concurrent Workers: 3
 Concurrent Refinement Workers: 10
 Periodic GC: Disabled
Heap:
 garbage-first heap   total reserved 4104192K, committed 258048K, used 79681K [0x0000000705800000, 0x0000000800000000)
  region size 2048K, 18 young (36864K), 2 survivors (4096K)
 Metaspace       used 18353K, committed 18688K, reserved 1114112K
  class space    used 2146K, committed 2304K, reserved 1048576K
GC Heap History (8 events):
Event: 1.098 GC heap before
{Heap before GC invocations=0 (full 0):
 garbage-first heap   total reserved 4104192K, committed 258048K, used 22528K [0x0000000705800000, 0x0000000800000000)
  region size 2048K, 12 young (24576K), 0 survivors (0K)
 Metaspace       used 5877K, committed 6080K, reserved 1114112K
  class space    used 725K, committed 832K, reserved 1048576K
}
Event: 1.106 GC heap after
{Heap after GC invocations=1 (full 0):
 garbage-first heap   total reserved 4104192K, committed 258048K, used 3893K [0x0000000705800000, 0x0000000800000000)
  region size 2048K, 2 young (4096K), 2 survivors (4096K)
 Metaspace       used 5877K, committed 6080K, reserved 1114112K
  class space    used 725K, committed 832K, reserved 1048576K
}
Event: 1.705 GC heap before
{Heap before GC invocations=1 (full 0):
 garbage-first heap   total reserved 4104192K, committed 258048K, used 24373K [0x0000000705800000, 0x0000000800000000)
  region size 2048K, 13 young (26624K), 2 survivors (4096K)
 Metaspace       used 8331K, committed 8512K, reserved 1114112K
  class space    used 1018K, committed 1152K, reserved 1048576K
}
Event: 1.712 GC heap after
{Heap after GC invocations=2 (full 0):
 garbage-first heap   total reserved 4104192K, committed 258048K, used 5008K [0x0000000705800000, 0x0000000800000000)
  region size 2048K, 1 young (2048K), 1 survivors (2048K)
 Metaspace       used 8331K, committed 8512K, reserved 1114112K
  class space    used 1018K, committed 1152K, reserved 1048576K
}
Event: 3.798 GC heap before
{Heap before GC invocations=2 (full 0):
 garbage-first heap   total reserved 4104192K, committed 258048K, used 68496K [0x0000000705800000, 0x0000000800000000)
  region size 2048K, 32 young (65536K), 1 survivors (2048K)
 Metaspace       used 15810K, committed 16064K, reserved 1114112K
  class space    used 1945K, committed 2048K, reserved 1048576K
}
Event: 3.810 GC heap after
{Heap after GC invocations=3 (full 0):
 garbage-first heap   total reserved 4104192K, committed 258048K, used 12434K [0x0000000705800000, 0x0000000800000000)
  region size 2048K, 4 young (8192K), 4 survivors (8192K)
 Metaspace       used 15810K, committed 16064K, reserved 1114112K
  class space    used 1945K, committed 2048K, reserved 1048576K
}
Event: 6.614 GC heap before
{Heap before GC invocations=3 (full 0):
 garbage-first heap   total reserved 4104192K, committed 258048K, used 71826K [0x0000000705800000, 0x0000000800000000)
  region size 2048K, 33 young (67584K), 4 survivors (8192K)
 Metaspace       used 17310K, committed 17600K, reserved 1114112K
  class space    used 2069K, committed 2176K, reserved 1048576K
}
Event: 6.624 GC heap after
{Heap after GC invocations=4 (full 0):
 garbage-first heap   total reserved 4104192K, committed 258048K, used 16193K [0x0000000705800000, 0x0000000800000000)
  region size 2048K, 2 young (4096K), 2 survivors (4096K)
 Metaspace       used 17310K, committed 17600K, reserved 1114112K
  class space    used 2069K, committed 2176K, reserved 1048576K
}

