# JRE version: Java(TM) SE Runtime Environment (23.0.1+11) (build 23.0.1+11-39)
# Java VM: Java HotSpot(TM) 64-Bit Server VM (23.0.1+11-39, mixed mode, emulated-client, sharing, tiered, compressed oops, compressed class ptrs, g1 gc, windows-amd64)
GC Precious Log:
 CardTable entry size: 512
 Card Set container configuration: InlinePtr #cards 4 size 8 Array Of Cards #cards 16 size 48 Howl #buckets 8 coarsen threshold 3686 Howl Bitmap #cards 512 size 80 coarsen threshold 460 Card regions per heap region 1 cards per card region 4096
 CPUs: 12 total, 12 available
 Memory: 16024M
 Large Page Support: Disabled
 NUMA Support: Disabled
 Compressed Oops: Enabled (Zero based)
 Heap Region Size: 2M
 Heap Min Capacity: 8M
 Heap Initial Capacity: 252M
 Heap Max Capacity: 4008M
 Pre-touch: Disabled
 Parallel Workers: 10
 Concurrent Workers: 3
 Concurrent Refinement Workers: 10
 Periodic GC: Disabled
Heap:
 garbage-first heap   total reserved 4104192K, committed 59392K, used 42932K [0x0000000705800000, 0x0000000800000000)
  region size 2048K, 11 young (22528K), 2 survivors (4096K)
 Metaspace       used 56736K, committed 57344K, reserved 1114112K
  class space    used 8388K, committed 8640K, reserved 1048576K
GC Heap History (20 events):
Event: 2.218 GC heap before
{Heap before GC invocations=2 (full 0):
 garbage-first heap   total reserved 4104192K, committed 258048K, used 63745K [0x0000000705800000, 0x0000000800000000)
  region size 2048K, 29 young (59392K), 1 survivors (2048K)
 Metaspace       used 20271K, committed 20544K, reserved 1114112K
  class space    used 2844K, committed 2944K, reserved 1048576K
}
Event: 2.227 GC heap after
{Heap after GC invocations=3 (full 0):
 garbage-first heap   total reserved 4104192K, committed 258048K, used 14031K [0x0000000705800000, 0x0000000800000000)
  region size 2048K, 4 young (8192K), 4 survivors (8192K)
 Metaspace       used 20271K, committed 20544K, reserved 1114112K
  class space    used 2844K, committed 2944K, reserved 1048576K
}
Event: 2.596 GC heap before
{Heap before GC invocations=3 (full 0):
 garbage-first heap   total reserved 4104192K, committed 258048K, used 28367K [0x0000000705800000, 0x0000000800000000)
  region size 2048K, 12 young (24576K), 4 survivors (8192K)
 Metaspace       used 21194K, committed 21504K, reserved 1114112K
  class space    used 2986K, committed 3072K, reserved 1048576K
}
Event: 2.606 GC heap after
{Heap after GC invocations=4 (full 0):
 garbage-first heap   total reserved 4104192K, committed 258048K, used 14973K [0x0000000705800000, 0x0000000800000000)
  region size 2048K, 1 young (2048K), 1 survivors (2048K)
 Metaspace       used 21194K, committed 21504K, reserved 1114112K
  class space    used 2986K, committed 3072K, reserved 1048576K
}
Event: 3.877 GC heap before
{Heap before GC invocations=5 (full 0):
 garbage-first heap   total reserved 4104192K, committed 55296K, used 53885K [0x0000000705800000, 0x0000000800000000)
  region size 2048K, 20 young (40960K), 1 survivors (2048K)
 Metaspace       used 25905K, committed 26368K, reserved 1114112K
  class space    used 3729K, committed 3904K, reserved 1048576K
}
Event: 3.883 GC heap after
{Heap after GC invocations=6 (full 0):
 garbage-first heap   total reserved 4104192K, committed 59392K, used 17160K [0x0000000705800000, 0x0000000800000000)
  region size 2048K, 2 young (4096K), 2 survivors (4096K)
 Metaspace       used 25905K, committed 26368K, reserved 1114112K
  class space    used 3729K, committed 3904K, reserved 1048576K
}
Event: 4.830 GC heap before
{Heap before GC invocations=6 (full 0):
 garbage-first heap   total reserved 4104192K, committed 59392K, used 43784K [0x0000000705800000, 0x0000000800000000)
  region size 2048K, 15 young (30720K), 2 survivors (4096K)
 Metaspace       used 29917K, committed 30464K, reserved 1114112K
  class space    used 4298K, committed 4544K, reserved 1048576K
}
Event: 4.837 GC heap after
{Heap after GC invocations=7 (full 0):
 garbage-first heap   total reserved 4104192K, committed 59392K, used 19486K [0x0000000705800000, 0x0000000800000000)
  region size 2048K, 2 young (4096K), 2 survivors (4096K)
 Metaspace       used 29917K, committed 30464K, reserved 1114112K
  class space    used 4298K, committed 4544K, reserved 1048576K
}
Event: 5.665 GC heap before
{Heap before GC invocations=7 (full 0):
 garbage-first heap   total reserved 4104192K, committed 59392K, used 42014K [0x0000000705800000, 0x0000000800000000)
  region size 2048K, 14 young (28672K), 2 survivors (4096K)
 Metaspace       used 35206K, committed 35776K, reserved 1114112K
  class space    used 4966K, committed 5248K, reserved 1048576K
}
Event: 5.670 GC heap after
{Heap after GC invocations=8 (full 0):
 garbage-first heap   total reserved 4104192K, committed 59392K, used 21074K [0x0000000705800000, 0x0000000800000000)
  region size 2048K, 1 young (2048K), 1 survivors (2048K)
 Metaspace       used 35206K, committed 35776K, reserved 1114112K
  class space    used 4966K, committed 5248K, reserved 1048576K
}
Event: 5.705 GC heap before
{Heap before GC invocations=8 (full 0):
 garbage-first heap   total reserved 4104192K, committed 59392K, used 21074K [0x0000000705800000, 0x0000000800000000)
  region size 2048K, 2 young (4096K), 1 survivors (2048K)
 Metaspace       used 35457K, committed 35968K, reserved 1114112K
  class space    used 5008K, committed 5248K, reserved 1048576K
}
Event: 5.709 GC heap after
{Heap after GC invocations=9 (full 0):
 garbage-first heap   total reserved 4104192K, committed 59392K, used 21138K [0x0000000705800000, 0x0000000800000000)
  region size 2048K, 1 young (2048K), 1 survivors (2048K)
 Metaspace       used 35457K, committed 35968K, reserved 1114112K
  class space    used 5008K, committed 5248K, reserved 1048576K
}
Event: 6.592 GC heap before
{Heap before GC invocations=10 (full 0):
 garbage-first heap   total reserved 4104192K, committed 59392K, used 47762K [0x0000000705800000, 0x0000000800000000)
  region size 2048K, 14 young (28672K), 1 survivors (2048K)
 Metaspace       used 41286K, committed 41856K, reserved 1114112K
  class space    used 5969K, committed 6208K, reserved 1048576K
}
Event: 6.598 GC heap after
{Heap after GC invocations=11 (full 0):
 garbage-first heap   total reserved 4104192K, committed 59392K, used 22812K [0x0000000705800000, 0x0000000800000000)
  region size 2048K, 2 young (4096K), 2 survivors (4096K)
 Metaspace       used 41286K, committed 41856K, reserved 1114112K
  class space    used 5969K, committed 6208K, reserved 1048576K
}
Event: 7.713 GC heap before
{Heap before GC invocations=11 (full 0):
 garbage-first heap   total reserved 4104192K, committed 59392K, used 47388K [0x0000000705800000, 0x0000000800000000)
  region size 2048K, 14 young (28672K), 2 survivors (4096K)
 Metaspace       used 47310K, committed 47872K, reserved 1114112K
  class space    used 6849K, committed 7104K, reserved 1048576K
}
Event: 7.718 GC heap after
{Heap after GC invocations=12 (full 0):
 garbage-first heap   total reserved 4104192K, committed 59392K, used 24056K [0x0000000705800000, 0x0000000800000000)
  region size 2048K, 2 young (4096K), 2 survivors (4096K)
 Metaspace       used 47310K, committed 47872K, reserved 1114112K
  class space    used 6849K, committed 7104K, reserved 1048576K
}
Event: 8.590 GC heap before
{Heap before GC invocations=12 (full 0):
 garbage-first heap   total reserved 4104192K, committed 59392K, used 48632K [0x0000000705800000, 0x0000000800000000)
  region size 2048K, 14 young (28672K), 2 survivors (4096K)
 Metaspace       used 50330K, committed 50880K, reserved 1114112K
  class space    used 7436K, committed 7680K, reserved 1048576K
}
Event: 8.599 GC heap after
{Heap after GC invocations=13 (full 0):
 garbage-first heap   total reserved 4104192K, committed 59392K, used 25091K [0x0000000705800000, 0x0000000800000000)
  region size 2048K, 2 young (4096K), 2 survivors (4096K)
 Metaspace       used 50330K, committed 50880K, reserved 1114112K
  class space    used 7436K, committed 7680K, reserved 1048576K
}
Event: 10.132 GC heap before
{Heap before GC invocations=13 (full 0):
 garbage-first heap   total reserved 4104192K, committed 59392K, used 47619K [0x0000000705800000, 0x0000000800000000)
  region size 2048K, 13 young (26624K), 2 survivors (4096K)
 Metaspace       used 54434K, committed 55104K, reserved 1114112K
  class space    used 8054K, committed 8320K, reserved 1048576K
}
Event: 10.141 GC heap after
{Heap after GC invocations=14 (full 0):
 garbage-first heap   total reserved 4104192K, committed 59392K, used 26548K [0x0000000705800000, 0x0000000800000000)
  region size 2048K, 2 young (4096K), 2 survivors (4096K)
 Metaspace       used 54434K, committed 55104K, reserved 1114112K
  class space    used 8054K, committed 8320K, reserved 1048576K
}

