# JRE version: Java(TM) SE Runtime Environment (23.0.1+11) (build 23.0.1+11-39)
# Java VM: Java HotSpot(TM) 64-Bit Server VM (23.0.1+11-39, mixed mode, emulated-client, sharing, tiered, compressed oops, compressed class ptrs, g1 gc, windows-amd64)
GC Precious Log:
 CardTable entry size: 512
 Card Set container configuration: InlinePtr #cards 4 size 8 Array Of Cards #cards 16 size 48 Howl #buckets 8 coarsen threshold 3686 Howl Bitmap #cards 512 size 80 coarsen threshold 460 Card regions per heap region 1 cards per card region 4096
 CPUs: 12 total, 12 available
 Memory: 16024M
 Large Page Support: Disabled
 NUMA Support: Disabled
 Compressed Oops: Enabled (Zero based)
 Heap Region Size: 2M
 Heap Min Capacity: 8M
 Heap Initial Capacity: 252M
 Heap Max Capacity: 4008M
 Pre-touch: Disabled
 Parallel Workers: 10
 Concurrent Workers: 3
 Concurrent Refinement Workers: 10
 Periodic GC: Disabled
Heap:
 garbage-first heap   total reserved 4104192K, committed 59392K, used 34981K [0x0000000705800000, 0x0000000800000000)
  region size 2048K, 2 young (4096K), 2 survivors (4096K)
 Metaspace       used 61596K, committed 62208K, reserved 1114112K
  class space    used 9362K, committed 9600K, reserved 1048576K
GC Heap History (20 events):
Event: 4.846 GC heap after
{Heap after GC invocations=8 (full 0):
 garbage-first heap   total reserved 4104192K, committed 59392K, used 21088K [0x0000000705800000, 0x0000000800000000)
  region size 2048K, 1 young (2048K), 1 survivors (2048K)
 Metaspace       used 35280K, committed 35840K, reserved 1114112K
  class space    used 4979K, committed 5248K, reserved 1048576K
}
Event: 4.864 GC heap before
{Heap before GC invocations=8 (full 0):
 garbage-first heap   total reserved 4104192K, committed 59392K, used 21088K [0x0000000705800000, 0x0000000800000000)
  region size 2048K, 2 young (4096K), 1 survivors (2048K)
 Metaspace       used 35465K, committed 35968K, reserved 1114112K
  class space    used 5009K, committed 5248K, reserved 1048576K
}
Event: 4.867 GC heap after
{Heap after GC invocations=9 (full 0):
 garbage-first heap   total reserved 4104192K, committed 59392K, used 20984K [0x0000000705800000, 0x0000000800000000)
  region size 2048K, 1 young (2048K), 1 survivors (2048K)
 Metaspace       used 35465K, committed 35968K, reserved 1114112K
  class space    used 5009K, committed 5248K, reserved 1048576K
}
Event: 5.605 GC heap before
{Heap before GC invocations=10 (full 0):
 garbage-first heap   total reserved 4104192K, committed 59392K, used 47608K [0x0000000705800000, 0x0000000800000000)
  region size 2048K, 14 young (28672K), 1 survivors (2048K)
 Metaspace       used 41296K, committed 41856K, reserved 1114112K
  class space    used 5970K, committed 6208K, reserved 1048576K
}
Event: 5.609 GC heap after
{Heap after GC invocations=11 (full 0):
 garbage-first heap   total reserved 4104192K, committed 59392K, used 22440K [0x0000000705800000, 0x0000000800000000)
  region size 2048K, 2 young (4096K), 2 survivors (4096K)
 Metaspace       used 41296K, committed 41856K, reserved 1114112K
  class space    used 5970K, committed 6208K, reserved 1048576K
}
Event: 6.587 GC heap before
{Heap before GC invocations=11 (full 0):
 garbage-first heap   total reserved 4104192K, committed 59392K, used 47016K [0x0000000705800000, 0x0000000800000000)
  region size 2048K, 15 young (30720K), 2 survivors (4096K)
 Metaspace       used 47809K, committed 48384K, reserved 1114112K
  class space    used 6926K, committed 7168K, reserved 1048576K
}
Event: 6.593 GC heap after
{Heap after GC invocations=12 (full 0):
 garbage-first heap   total reserved 4104192K, committed 59392K, used 23939K [0x0000000705800000, 0x0000000800000000)
  region size 2048K, 2 young (4096K), 2 survivors (4096K)
 Metaspace       used 47809K, committed 48384K, reserved 1114112K
  class space    used 6926K, committed 7168K, reserved 1048576K
}
Event: 7.248 GC heap before
{Heap before GC invocations=12 (full 0):
 garbage-first heap   total reserved 4104192K, committed 59392K, used 50563K [0x0000000705800000, 0x0000000800000000)
  region size 2048K, 15 young (30720K), 2 survivors (4096K)
 Metaspace       used 51043K, committed 51648K, reserved 1114112K
  class space    used 7542K, committed 7808K, reserved 1048576K
}
Event: 7.254 GC heap after
{Heap after GC invocations=13 (full 0):
 garbage-first heap   total reserved 4104192K, committed 59392K, used 24701K [0x0000000705800000, 0x0000000800000000)
  region size 2048K, 2 young (4096K), 2 survivors (4096K)
 Metaspace       used 51043K, committed 51648K, reserved 1114112K
  class space    used 7542K, committed 7808K, reserved 1048576K
}
Event: 8.157 GC heap before
{Heap before GC invocations=13 (full 0):
 garbage-first heap   total reserved 4104192K, committed 59392K, used 47229K [0x0000000705800000, 0x0000000800000000)
  region size 2048K, 14 young (28672K), 2 survivors (4096K)
 Metaspace       used 55851K, committed 56512K, reserved 1114112K
  class space    used 8236K, committed 8512K, reserved 1048576K
}
Event: 8.164 GC heap after
{Heap after GC invocations=14 (full 0):
 garbage-first heap   total reserved 4104192K, committed 59392K, used 26767K [0x0000000705800000, 0x0000000800000000)
  region size 2048K, 2 young (4096K), 2 survivors (4096K)
 Metaspace       used 55851K, committed 56512K, reserved 1114112K
  class space    used 8236K, committed 8512K, reserved 1048576K
}
Event: 8.978 GC heap before
{Heap before GC invocations=14 (full 0):
 garbage-first heap   total reserved 4104192K, committed 59392K, used 49295K [0x0000000705800000, 0x0000000800000000)
  region size 2048K, 13 young (26624K), 2 survivors (4096K)
 Metaspace       used 58945K, committed 59584K, reserved 1114112K
  class space    used 8804K, committed 9088K, reserved 1048576K
}
Event: 8.982 GC heap after
{Heap after GC invocations=15 (full 0):
 garbage-first heap   total reserved 4104192K, committed 59392K, used 28462K [0x0000000705800000, 0x0000000800000000)
  region size 2048K, 2 young (4096K), 2 survivors (4096K)
 Metaspace       used 58945K, committed 59584K, reserved 1114112K
  class space    used 8804K, committed 9088K, reserved 1048576K
}
Event: 9.099 GC heap before
{Heap before GC invocations=15 (full 0):
 garbage-first heap   total reserved 4104192K, committed 59392K, used 32558K [0x0000000705800000, 0x0000000800000000)
  region size 2048K, 6 young (12288K), 2 survivors (4096K)
 Metaspace       used 59568K, committed 60160K, reserved 1114112K
  class space    used 8866K, committed 9088K, reserved 1048576K
}
Event: 9.104 GC heap after
{Heap after GC invocations=16 (full 0):
 garbage-first heap   total reserved 4104192K, committed 59392K, used 29041K [0x0000000705800000, 0x0000000800000000)
  region size 2048K, 2 young (4096K), 2 survivors (4096K)
 Metaspace       used 59568K, committed 60160K, reserved 1114112K
  class space    used 8866K, committed 9088K, reserved 1048576K
}
Event: 9.376 GC heap before
{Heap before GC invocations=17 (full 0):
 garbage-first heap   total reserved 4104192K, committed 59392K, used 47473K [0x0000000705800000, 0x0000000800000000)
  region size 2048K, 11 young (22528K), 2 survivors (4096K)
 Metaspace       used 61174K, committed 61760K, reserved 1114112K
  class space    used 9281K, committed 9536K, reserved 1048576K
}
Event: 9.379 GC heap after
{Heap after GC invocations=18 (full 0):
 garbage-first heap   total reserved 4104192K, committed 59392K, used 30066K [0x0000000705800000, 0x0000000800000000)
  region size 2048K, 2 young (4096K), 2 survivors (4096K)
 Metaspace       used 61174K, committed 61760K, reserved 1114112K
  class space    used 9281K, committed 9536K, reserved 1048576K
}
Event: 9.459 GC heap before
{Heap before GC invocations=18 (full 0):
 garbage-first heap   total reserved 4104192K, committed 59392K, used 48498K [0x0000000705800000, 0x0000000800000000)
  region size 2048K, 11 young (22528K), 2 survivors (4096K)
 Metaspace       used 61344K, committed 61952K, reserved 1114112K
  class space    used 9316K, committed 9600K, reserved 1048576K
}
Event: 9.466 GC heap after
{Heap after GC invocations=19 (full 0):
 garbage-first heap   total reserved 4104192K, committed 59392K, used 32046K [0x0000000705800000, 0x0000000800000000)
  region size 2048K, 2 young (4096K), 2 survivors (4096K)
 Metaspace       used 61344K, committed 61952K, reserved 1114112K
  class space    used 9316K, committed 9600K, reserved 1048576K
}
Event: 9.623 GC heap before
{Heap before GC invocations=19 (full 0):
 garbage-first heap   total reserved 4104192K, committed 59392K, used 50478K [0x0000000705800000, 0x0000000800000000)
  region size 2048K, 11 young (22528K), 2 survivors (4096K)
 Metaspace       used 61596K, committed 62208K, reserved 1114112K
  class space    used 9362K, committed 9600K, reserved 1048576K
}

